2021-07-27 21:19:24,389 - ---------loading Dataset----------
2021-07-27 21:19:35,114 - ---------initialize model----------
2021-07-27 21:20:02,193 - ---------loading Dataset----------
2021-07-27 21:20:13,466 - ---------initialize model----------
2021-07-27 21:20:53,650 - ---------loading Dataset----------
2021-07-27 21:21:04,325 - ---------initialize model----------
2021-07-27 21:21:07,007 - ---------initialize parameter----------
2021-07-27 21:21:07,007 - ---------begin to train IP dateset----------
2021-07-27 21:21:24,968 - ---------save model----------
2021-07-27 21:21:24,975 - ---------plot loss and accuracy----------
2021-07-27 21:21:25,287 - ---------Log results----------
2021-07-27 21:26:30,671 - ---------loading Dataset----------
2021-07-27 21:27:53,316 - ---------loading Dataset----------
2021-07-27 21:29:54,755 - ---------loading Dataset----------
2021-07-27 21:30:40,157 - ---------loading Dataset----------
2021-07-27 21:32:14,055 - ---------loading Dataset----------
2021-07-27 21:34:06,143 - ---------loading Dataset----------
2021-07-27 21:34:19,932 - ---------loading Dataset----------
2021-07-27 21:34:30,702 - ---------initialize model----------
2021-07-27 21:34:33,418 - ---------initialize parameter----------
2021-07-27 21:34:33,418 - ---------begin to train IP dateset----------
2021-07-28 14:36:20,199 - ---------loading Dataset----------
2021-07-28 14:36:31,131 - ---------initialize model----------
2021-07-28 14:36:35,418 - ---------initialize parameter----------
2021-07-28 14:36:35,418 - ---------begin to train IP dateset----------
2021-07-28 15:06:16,474 - ---------save model----------
2021-07-28 15:06:16,482 - ---------plot loss and accuracy----------
2021-07-28 15:06:16,791 - ---------Log results----------
2021-07-28 21:49:59,861 - ---------loading Dataset----------
2021-07-28 21:50:07,820 - ---------initialize model----------
2021-07-28 21:50:10,447 - ---------initialize parameter----------
2021-07-28 21:50:10,447 - ---------begin to train KSC dateset----------
2021-07-28 21:52:04,383 - ---------loading Dataset----------
2021-07-28 21:52:12,389 - ---------initialize model----------
2021-07-28 21:52:15,019 - ---------initialize parameter----------
2021-07-28 21:52:15,019 - ---------begin to train KSC dateset----------
2021-07-28 21:55:30,009 - ---------save model----------
2021-07-28 21:55:30,016 - ---------plot loss and accuracy----------
2021-07-28 21:55:30,345 - ---------Log results----------
2021-07-28 22:08:53,270 - ---------loading Dataset----------
2021-07-28 22:09:11,743 - ---------loading Dataset----------
2021-07-28 22:09:37,081 - ---------initialize model----------
2021-07-28 22:09:39,856 - ---------initialize parameter----------
2021-07-28 22:09:39,856 - ---------begin to train pu dateset----------
2021-07-29 09:13:34,325 - ---------loading Dataset----------
2021-07-29 09:13:58,784 - ---------initialize model----------
2021-07-29 09:14:03,294 - ---------initialize parameter----------
2021-07-29 09:14:03,294 - ---------begin to train PU dateset----------
2021-07-29 09:33:38,149 - ---------save model----------
2021-07-29 09:33:38,157 - ---------plot loss and accuracy----------
2021-07-29 09:33:38,550 - ---------Log results----------
